<?xml version="1.0" encoding="UTF-8"?>
<!-- Generated by org.testng.reporters.JUnitXMLReporter -->
<testsuite ignored="0" hostname="LAPTOP-54F2F2NL" failures="0" tests="2" name="OrangeHRM Test" time="0.026" errors="0" timestamp="2022-07-30T12:21:53 IST">
  <testcase classname="mytests.BaseTest" name="@BeforeTest setup" time="-1.659163913816E9">
    <failure type="org.testng.TestNGException" message="
Parameter &amp;apos;url&amp;apos; is required by BeforeTest on method setup but has not been marked @Optional or defined
in C:\Users\Admin\Desktop\seleniumsessions\seleniumsessions\src\test\resources\testrunner.xml">
      <![CDATA[org.testng.TestNGException: 
Parameter 'url' is required by BeforeTest on method setup but has not been marked @Optional or defined
in C:\Users\Admin\Desktop\seleniumsessions\seleniumsessions\src\test\resources\testrunner.xml
... Removed 21 stack frames]]>
    </failure>
  </testcase> <!-- @BeforeTest setup -->
  <testcase classname="mytests.BaseTest" name="@AfterTest tearDown" time="-1.659163913837E9">
    <skipped/>
  </testcase> <!-- @AfterTest tearDown -->
  <testcase classname="mytests.OrangeHRMTest" name="titleTest" time="0.0">
    <skipped/>
  </testcase> <!-- titleTest -->
  <testcase classname="mytests.OrangeHRMTest" name="contactSalesLinkTest" time="0.0">
    <skipped/>
  </testcase> <!-- contactSalesLinkTest -->
</testsuite> <!-- OrangeHRM Test -->
